2026-04-20 11:00:00.198 +05:30 [INF] Incoming HTTP Request {"Method":"GET","Scheme":"https","Host":"localhost:7185","Path":"/api/Product/getAllProducts","QueryString":"","ContentType":null,"ContentLength":null,"Body":"","Timestamp":"2026-04-20T05:30:00.1972784Z"}
2026-04-20 11:00:16.950 +05:30 [INF] Incoming HTTP Request {"Method":"POST","Scheme":"https","Host":"localhost:7185","Path":"/api/Product/CreateProduct","QueryString":"","ContentType":"application/json","ContentLength":68,"Body":"{\"id\":0,\"name\":\"TYty\",\"description\":\"ytuy\",\"price\":8768,\"stock\":878}","Timestamp":"2026-04-20T05:30:16.9501943Z"}
2026-04-20 11:00:18.991 +05:30 [INF] Incoming HTTP Request {"Method":"GET","Scheme":"https","Host":"localhost:7185","Path":"/api/Product/getAllProducts","QueryString":"","ContentType":null,"ContentLength":null,"Body":"","Timestamp":"2026-04-20T05:30:18.9918635Z"}
2026-04-20 11:01:50.928 +05:30 [INF] Incoming HTTP Request {"Method":"GET","Scheme":"https","Host":"localhost:7185","Path":"/api/Product/getProductById/384","QueryString":"","ContentType":null,"ContentLength":null,"Body":"","Timestamp":"2026-04-20T05:31:49.8322324Z"}
2026-04-20 11:01:56.685 +05:30 [INF] Incoming HTTP Request {"Method":"PUT","Scheme":"https","Host":"localhost:7185","Path":"/api/Product/updateProducts","QueryString":"","ContentType":"application/json","ContentLength":70,"Body":"{\"id\":384,\"name\":\"TYty\",\"description\":\"ytuy\",\"price\":8768,\"stock\":878}","Timestamp":"2026-04-20T05:31:56.6853435Z"}
2026-04-20 11:02:06.711 +05:30 [INF] Incoming HTTP Request {"Method":"GET","Scheme":"https","Host":"localhost:7185","Path":"/api/Product/getAllProducts","QueryString":"","ContentType":null,"ContentLength":null,"Body":"","Timestamp":"2026-04-20T05:32:06.4231069Z"}
2026-04-20 11:03:14.918 +05:30 [INF] Incoming HTTP Request {"Method":"POST","Scheme":"https","Host":"localhost:7185","Path":"/api/Product/CreateProduct","QueryString":"","ContentType":"application/json","ContentLength":70,"Body":"{\"id\":0,\"name\":\"Test agin\",\"description\":\"yutu\",\"price\":657,\"stock\":7}","Timestamp":"2026-04-20T05:33:14.9180058Z"}
2026-04-20 11:03:20.452 +05:30 [INF] Incoming HTTP Request {"Method":"GET","Scheme":"https","Host":"localhost:7185","Path":"/api/Product/getAllProducts","QueryString":"","ContentType":null,"ContentLength":null,"Body":"","Timestamp":"2026-04-20T05:33:20.4525842Z"}
2026-04-20 11:20:55.863 +05:30 [INF] Incoming HTTP Request {"Method":"GET","Scheme":"https","Host":"localhost:7185","Path":"/api/Product/getAllProducts","QueryString":"","ContentType":null,"ContentLength":null,"Body":"","Timestamp":"2026-04-20T05:50:55.8624029Z"}
2026-04-20 11:21:39.705 +05:30 [INF] Incoming HTTP Request {"Method":"POST","Scheme":"https","Host":"localhost:7185","Path":"/api/Product/CreateProduct","QueryString":"","ContentType":"application/json","ContentLength":74,"Body":"{\"id\":0,\"name\":\"TEsting\",\"description\":\"Testing011\",\"price\":78,\"stock\":78}","Timestamp":"2026-04-20T05:51:39.7051964Z"}
2026-04-20 11:21:41.975 +05:30 [INF] Incoming HTTP Request {"Method":"GET","Scheme":"https","Host":"localhost:7185","Path":"/api/Product/getAllProducts","QueryString":"","ContentType":null,"ContentLength":null,"Body":"","Timestamp":"2026-04-20T05:51:41.9759264Z"}
2026-04-20 11:22:53.694 +05:30 [INF] Incoming HTTP Request {"Method":"GET","Scheme":"https","Host":"localhost:7185","Path":"/api/Product/getProductById/386","QueryString":"","ContentType":null,"ContentLength":null,"Body":"","Timestamp":"2026-04-20T05:52:53.6941030Z"}
2026-04-20 11:23:07.397 +05:30 [INF] Incoming HTTP Request {"Method":"PUT","Scheme":"https","Host":"localhost:7185","Path":"/api/Product/updateProducts","QueryString":"","ContentType":"application/json","ContentLength":79,"Body":"{\"id\":386,\"name\":\"Testing\",\"description\":\"Testing0022\",\"price\":111,\"stock\":111}","Timestamp":"2026-04-20T05:53:07.3972931Z"}
2026-04-20 11:23:09.139 +05:30 [INF] Incoming HTTP Request {"Method":"GET","Scheme":"https","Host":"localhost:7185","Path":"/api/Product/getAllProducts","QueryString":"","ContentType":null,"ContentLength":null,"Body":"","Timestamp":"2026-04-20T05:53:09.1391343Z"}
2026-04-20 11:23:33.824 +05:30 [INF] Incoming HTTP Request {"Method":"DELETE","Scheme":"https","Host":"localhost:7185","Path":"/api/Product/deleteProduct/383","QueryString":"","ContentType":null,"ContentLength":null,"Body":"","Timestamp":"2026-04-20T05:53:33.8241318Z"}
2026-04-20 11:23:33.924 +05:30 [INF] Incoming HTTP Request {"Method":"GET","Scheme":"https","Host":"localhost:7185","Path":"/api/Product/getAllProducts","QueryString":"","ContentType":null,"ContentLength":null,"Body":"","Timestamp":"2026-04-20T05:53:33.9248126Z"}
2026-04-20 11:26:50.900 +05:30 [INF] Incoming HTTP Request {"Method":"GET","Scheme":"https","Host":"localhost:7185","Path":"/api/Product/getProductById/386","QueryString":"","ContentType":null,"ContentLength":null,"Body":"","Timestamp":"2026-04-20T05:56:50.9003290Z"}
2026-04-20 11:26:52.400 +05:30 [INF] Incoming HTTP Request {"Method":"PUT","Scheme":"https","Host":"localhost:7185","Path":"/api/Product/updateProducts","QueryString":"","ContentType":"application/json","ContentLength":79,"Body":"{\"id\":386,\"name\":\"Testing\",\"description\":\"Testing0022\",\"price\":111,\"stock\":111}","Timestamp":"2026-04-20T05:56:52.4001555Z"}
2026-04-20 11:26:53.799 +05:30 [INF] Incoming HTTP Request {"Method":"GET","Scheme":"https","Host":"localhost:7185","Path":"/api/Product/getAllProducts","QueryString":"","ContentType":null,"ContentLength":null,"Body":"","Timestamp":"2026-04-20T05:56:53.7990059Z"}
2026-04-20 11:26:55.096 +05:30 [INF] Incoming HTTP Request {"Method":"GET","Scheme":"https","Host":"localhost:7185","Path":"/api/Product/getProductById/386","QueryString":"","ContentType":null,"ContentLength":null,"Body":"","Timestamp":"2026-04-20T05:56:55.0962196Z"}
2026-04-20 11:26:56.485 +05:30 [INF] Incoming HTTP Request {"Method":"PUT","Scheme":"https","Host":"localhost:7185","Path":"/api/Product/updateProducts","QueryString":"","ContentType":"application/json","ContentLength":79,"Body":"{\"id\":386,\"name\":\"Testing\",\"description\":\"Testing0022\",\"price\":111,\"stock\":111}","Timestamp":"2026-04-20T05:56:56.4855380Z"}
2026-04-20 11:26:58.139 +05:30 [INF] Incoming HTTP Request {"Method":"GET","Scheme":"https","Host":"localhost:7185","Path":"/api/Product/getAllProducts","QueryString":"","ContentType":null,"ContentLength":null,"Body":"","Timestamp":"2026-04-20T05:56:58.1392636Z"}
2026-04-20 11:27:02.208 +05:30 [INF] Incoming HTTP Request {"Method":"GET","Scheme":"https","Host":"localhost:7185","Path":"/api/Product/getProductById/386","QueryString":"","ContentType":null,"ContentLength":null,"Body":"","Timestamp":"2026-04-20T05:57:02.2084219Z"}
2026-04-20 11:27:05.642 +05:30 [INF] Incoming HTTP Request {"Method":"PUT","Scheme":"https","Host":"localhost:7185","Path":"/api/Product/updateProducts","QueryString":"","ContentType":"application/json","ContentLength":79,"Body":"{\"id\":386,\"name\":\"Testing\",\"description\":\"Testing0022\",\"price\":111,\"stock\":111}","Timestamp":"2026-04-20T05:57:05.6425860Z"}
2026-04-20 11:27:29.689 +05:30 [INF] Incoming HTTP Request {"Method":"GET","Scheme":"https","Host":"localhost:7185","Path":"/api/Product/getAllProducts","QueryString":"","ContentType":null,"ContentLength":null,"Body":"","Timestamp":"2026-04-20T05:57:29.6892413Z"}
2026-04-20 11:27:31.273 +05:30 [INF] Incoming HTTP Request {"Method":"GET","Scheme":"https","Host":"localhost:7185","Path":"/api/Product/getProductById/385","QueryString":"","ContentType":null,"ContentLength":null,"Body":"","Timestamp":"2026-04-20T05:57:31.2732556Z"}
2026-04-20 11:27:32.823 +05:30 [INF] Incoming HTTP Request {"Method":"PUT","Scheme":"https","Host":"localhost:7185","Path":"/api/Product/updateProducts","QueryString":"","ContentType":"application/json","ContentLength":72,"Body":"{\"id\":385,\"name\":\"Test agin\",\"description\":\"yutu\",\"price\":657,\"stock\":7}","Timestamp":"2026-04-20T05:57:32.8231043Z"}
2026-04-20 11:27:34.083 +05:30 [INF] Incoming HTTP Request {"Method":"GET","Scheme":"https","Host":"localhost:7185","Path":"/api/Product/getAllProducts","QueryString":"","ContentType":null,"ContentLength":null,"Body":"","Timestamp":"2026-04-20T05:57:34.0837644Z"}
2026-04-20 11:27:35.659 +05:30 [INF] Incoming HTTP Request {"Method":"GET","Scheme":"https","Host":"localhost:7185","Path":"/api/Product/getProductById/384","QueryString":"","ContentType":null,"ContentLength":null,"Body":"","Timestamp":"2026-04-20T05:57:35.6590093Z"}
2026-04-20 11:27:36.846 +05:30 [INF] Incoming HTTP Request {"Method":"PUT","Scheme":"https","Host":"localhost:7185","Path":"/api/Product/updateProducts","QueryString":"","ContentType":"application/json","ContentLength":70,"Body":"{\"id\":384,\"name\":\"TYty\",\"description\":\"ytuy\",\"price\":8768,\"stock\":878}","Timestamp":"2026-04-20T05:57:36.8467048Z"}
2026-04-20 11:27:38.014 +05:30 [INF] Incoming HTTP Request {"Method":"GET","Scheme":"https","Host":"localhost:7185","Path":"/api/Product/getAllProducts","QueryString":"","ContentType":null,"ContentLength":null,"Body":"","Timestamp":"2026-04-20T05:57:38.0144653Z"}
