2026-04-19 12:18:03.260 +05:30 [ERR] Exception occurred at "2026-04-19T06:48:03.2583195Z"
AutoMapper.AutoMapperMappingException: Error mapping types.

Mapping types:
List`1 -> List`1
System.Collections.Generic.List`1[[POC.Domain.Entities.Products, POC.Domain, Version=1.0.0.0, Culture=neutral, PublicKeyToken=null]] -> System.Collections.Generic.List`1[[POC.Application.DTO.ProductDto, POC.Application, Version=1.0.0.0, Culture=neutral, PublicKeyToken=null]]
 ---> AutoMapper.AutoMapperMappingException: Missing type map configuration or unsupported mapping.

Mapping types:
Products -> ProductDto
POC.Domain.Entities.Products -> POC.Application.DTO.ProductDto
   at lambda_method51(Closure, Products, ProductDto, ResolutionContext)
   at lambda_method50(Closure, Object, List`1, ResolutionContext)
   --- End of inner exception stack trace ---
   at lambda_method50(Closure, Object, List`1, ResolutionContext)
   at POC.Application.Services.ProductServices.GetAllProducts() in D:\Project\ASPProject\POCProject\POC.Application\Services\ProductServices.cs:line 36
   at POC.API.Controllers.ProductController.GetAllProducts() in D:\Project\ASPProject\POCProject\POC.API\Controllers\ProductController.cs:line 41
   at Microsoft.AspNetCore.Mvc.Infrastructure.ActionMethodExecutor.TaskOfIActionResultExecutor.Execute(ActionContext actionContext, IActionResultTypeMapper mapper, ObjectMethodExecutor executor, Object controller, Object[] arguments)
   at Microsoft.AspNetCore.Mvc.Infrastructure.ControllerActionInvoker.<InvokeActionMethodAsync>g__Awaited|12_0(ControllerActionInvoker invoker, ValueTask`1 actionResultValueTask)
   at Microsoft.AspNetCore.Mvc.Infrastructure.ControllerActionInvoker.<InvokeNextActionFilterAsync>g__Awaited|10_0(ControllerActionInvoker invoker, Task lastTask, State next, Scope scope, Object state, Boolean isCompleted)
   at Microsoft.AspNetCore.Mvc.Infrastructure.ControllerActionInvoker.Rethrow(ActionExecutedContextSealed context)
   at Microsoft.AspNetCore.Mvc.Infrastructure.ControllerActionInvoker.Next(State& next, Scope& scope, Object& state, Boolean& isCompleted)
   at Microsoft.AspNetCore.Mvc.Infrastructure.ControllerActionInvoker.<InvokeInnerFilterAsync>g__Awaited|13_0(ControllerActionInvoker invoker, Task lastTask, State next, Scope scope, Object state, Boolean isCompleted)
   at Microsoft.AspNetCore.Mvc.Infrastructure.ResourceInvoker.<InvokeFilterPipelineAsync>g__Awaited|20_0(ResourceInvoker invoker, Task lastTask, State next, Scope scope, Object state, Boolean isCompleted)
   at Microsoft.AspNetCore.Mvc.Infrastructure.ResourceInvoker.<InvokeAsync>g__Logged|17_1(ResourceInvoker invoker)
   at Microsoft.AspNetCore.Mvc.Infrastructure.ResourceInvoker.<InvokeAsync>g__Logged|17_1(ResourceInvoker invoker)
   at Microsoft.AspNetCore.Routing.EndpointMiddleware.<Invoke>g__AwaitRequestTask|7_0(Endpoint endpoint, Task requestTask, ILogger logger)
   at Microsoft.AspNetCore.Authorization.AuthorizationMiddleware.Invoke(HttpContext context)
   at POC.API.Middleware.RequestLogMiddleware.Invoke(HttpContext context) in D:\Project\ASPProject\POCProject\POC.API\Middleware\RequestLogMiddleware.cs:line 62
   at POC.API.Middleware.ExceptionMiddleware.Invoke(HttpContext context) in D:\Project\ASPProject\POCProject\POC.API\Middleware\ExceptionMiddleware.cs:line 37
2026-04-19 12:19:50.927 +05:30 [ERR] Exception occurred at "2026-04-19T06:49:50.9251331Z"
AutoMapper.AutoMapperMappingException: Error mapping types.

Mapping types:
List`1 -> List`1
System.Collections.Generic.List`1[[POC.Domain.Entities.Products, POC.Domain, Version=1.0.0.0, Culture=neutral, PublicKeyToken=null]] -> System.Collections.Generic.List`1[[POC.Application.DTO.ProductDto, POC.Application, Version=1.0.0.0, Culture=neutral, PublicKeyToken=null]]
 ---> AutoMapper.AutoMapperMappingException: Missing type map configuration or unsupported mapping.

Mapping types:
Products -> ProductDto
POC.Domain.Entities.Products -> POC.Application.DTO.ProductDto
   at lambda_method51(Closure, Products, ProductDto, ResolutionContext)
   at lambda_method50(Closure, Object, List`1, ResolutionContext)
   --- End of inner exception stack trace ---
   at lambda_method50(Closure, Object, List`1, ResolutionContext)
   at POC.Application.Services.ProductServices.GetAllProducts() in D:\Project\ASPProject\POCProject\POC.Application\Services\ProductServices.cs:line 36
   at POC.API.Controllers.ProductController.GetAllProducts() in D:\Project\ASPProject\POCProject\POC.API\Controllers\ProductController.cs:line 41
   at Microsoft.AspNetCore.Mvc.Infrastructure.ActionMethodExecutor.TaskOfIActionResultExecutor.Execute(ActionContext actionContext, IActionResultTypeMapper mapper, ObjectMethodExecutor executor, Object controller, Object[] arguments)
   at Microsoft.AspNetCore.Mvc.Infrastructure.ControllerActionInvoker.<InvokeActionMethodAsync>g__Awaited|12_0(ControllerActionInvoker invoker, ValueTask`1 actionResultValueTask)
   at Microsoft.AspNetCore.Mvc.Infrastructure.ControllerActionInvoker.<InvokeNextActionFilterAsync>g__Awaited|10_0(ControllerActionInvoker invoker, Task lastTask, State next, Scope scope, Object state, Boolean isCompleted)
   at Microsoft.AspNetCore.Mvc.Infrastructure.ControllerActionInvoker.Rethrow(ActionExecutedContextSealed context)
   at Microsoft.AspNetCore.Mvc.Infrastructure.ControllerActionInvoker.Next(State& next, Scope& scope, Object& state, Boolean& isCompleted)
   at Microsoft.AspNetCore.Mvc.Infrastructure.ControllerActionInvoker.<InvokeInnerFilterAsync>g__Awaited|13_0(ControllerActionInvoker invoker, Task lastTask, State next, Scope scope, Object state, Boolean isCompleted)
   at Microsoft.AspNetCore.Mvc.Infrastructure.ResourceInvoker.<InvokeFilterPipelineAsync>g__Awaited|20_0(ResourceInvoker invoker, Task lastTask, State next, Scope scope, Object state, Boolean isCompleted)
   at Microsoft.AspNetCore.Mvc.Infrastructure.ResourceInvoker.<InvokeAsync>g__Logged|17_1(ResourceInvoker invoker)
   at Microsoft.AspNetCore.Mvc.Infrastructure.ResourceInvoker.<InvokeAsync>g__Logged|17_1(ResourceInvoker invoker)
   at Microsoft.AspNetCore.Routing.EndpointMiddleware.<Invoke>g__AwaitRequestTask|7_0(Endpoint endpoint, Task requestTask, ILogger logger)
   at Microsoft.AspNetCore.Authorization.AuthorizationMiddleware.Invoke(HttpContext context)
   at POC.API.Middleware.RequestLogMiddleware.Invoke(HttpContext context) in D:\Project\ASPProject\POCProject\POC.API\Middleware\RequestLogMiddleware.cs:line 62
   at POC.API.Middleware.ExceptionMiddleware.Invoke(HttpContext context) in D:\Project\ASPProject\POCProject\POC.API\Middleware\ExceptionMiddleware.cs:line 37
2026-04-19 12:23:55.818 +05:30 [ERR] Exception occurred at "2026-04-19T06:53:55.8159854Z"
AutoMapper.AutoMapperMappingException: Error mapping types.

Mapping types:
List`1 -> List`1
System.Collections.Generic.List`1[[POC.Domain.Entities.Products, POC.Domain, Version=1.0.0.0, Culture=neutral, PublicKeyToken=null]] -> System.Collections.Generic.List`1[[POC.Application.DTO.ProductDto, POC.Application, Version=1.0.0.0, Culture=neutral, PublicKeyToken=null]]
 ---> AutoMapper.AutoMapperMappingException: Missing type map configuration or unsupported mapping.

Mapping types:
Products -> ProductDto
POC.Domain.Entities.Products -> POC.Application.DTO.ProductDto
   at lambda_method51(Closure, Products, ProductDto, ResolutionContext)
   at lambda_method50(Closure, Object, List`1, ResolutionContext)
   --- End of inner exception stack trace ---
   at POC.Application.Services.ProductServices.GetAllProducts() in D:\Project\ASPProject\POCProject\POC.Application\Services\ProductServices.cs:line 42
   at POC.API.Controllers.ProductController.GetAllProducts() in D:\Project\ASPProject\POCProject\POC.API\Controllers\ProductController.cs:line 41
   at Microsoft.AspNetCore.Mvc.Infrastructure.ActionMethodExecutor.TaskOfIActionResultExecutor.Execute(ActionContext actionContext, IActionResultTypeMapper mapper, ObjectMethodExecutor executor, Object controller, Object[] arguments)
   at Microsoft.AspNetCore.Mvc.Infrastructure.ControllerActionInvoker.<InvokeActionMethodAsync>g__Awaited|12_0(ControllerActionInvoker invoker, ValueTask`1 actionResultValueTask)
   at Microsoft.AspNetCore.Mvc.Infrastructure.ControllerActionInvoker.<InvokeNextActionFilterAsync>g__Awaited|10_0(ControllerActionInvoker invoker, Task lastTask, State next, Scope scope, Object state, Boolean isCompleted)
   at Microsoft.AspNetCore.Mvc.Infrastructure.ControllerActionInvoker.Rethrow(ActionExecutedContextSealed context)
   at Microsoft.AspNetCore.Mvc.Infrastructure.ControllerActionInvoker.Next(State& next, Scope& scope, Object& state, Boolean& isCompleted)
   at Microsoft.AspNetCore.Mvc.Infrastructure.ControllerActionInvoker.InvokeInnerFilterAsync()
--- End of stack trace from previous location ---
   at Microsoft.AspNetCore.Mvc.Infrastructure.ResourceInvoker.<InvokeFilterPipelineAsync>g__Awaited|20_0(ResourceInvoker invoker, Task lastTask, State next, Scope scope, Object state, Boolean isCompleted)
   at Microsoft.AspNetCore.Mvc.Infrastructure.ResourceInvoker.<InvokeAsync>g__Logged|17_1(ResourceInvoker invoker)
   at Microsoft.AspNetCore.Mvc.Infrastructure.ResourceInvoker.<InvokeAsync>g__Logged|17_1(ResourceInvoker invoker)
   at Microsoft.AspNetCore.Routing.EndpointMiddleware.<Invoke>g__AwaitRequestTask|7_0(Endpoint endpoint, Task requestTask, ILogger logger)
   at Microsoft.AspNetCore.Authorization.AuthorizationMiddleware.Invoke(HttpContext context)
   at POC.API.Middleware.RequestLogMiddleware.Invoke(HttpContext context) in D:\Project\ASPProject\POCProject\POC.API\Middleware\RequestLogMiddleware.cs:line 62
   at POC.API.Middleware.ExceptionMiddleware.Invoke(HttpContext context) in D:\Project\ASPProject\POCProject\POC.API\Middleware\ExceptionMiddleware.cs:line 37
