2026-04-17 08:10:00.341 +05:30 [ERR] Exception occurred at "2026-04-17T02:40:00.3418470Z"
System.Exception: Error comint on ===> 
   at POC.Infrastructure.Implementation.ProductRepository.AddAsync(Products product) in D:\Project\ASPProject\POCProject\POC.Infrastructure\Implementation\ProductRepository.cs:line 21
   at POC.Application.Services.ProductServices.AddProductAsync(CreateProductDto productDto) in D:\Project\ASPProject\POCProject\POC.Application\Services\ProductServices.cs:line 30
   at POC.API.Controllers.ProductController.CreateProduct(CreateProductDto value) in D:\Project\ASPProject\POCProject\POC.API\Controllers\ProductController.cs:line 24
   at Microsoft.AspNetCore.Mvc.Infrastructure.ActionMethodExecutor.TaskOfIActionResultExecutor.Execute(ActionContext actionContext, IActionResultTypeMapper mapper, ObjectMethodExecutor executor, Object controller, Object[] arguments)
   at Microsoft.AspNetCore.Mvc.Infrastructure.ControllerActionInvoker.<InvokeActionMethodAsync>g__Awaited|12_0(ControllerActionInvoker invoker, ValueTask`1 actionResultValueTask)
   at Microsoft.AspNetCore.Mvc.Infrastructure.ControllerActionInvoker.<InvokeNextActionFilterAsync>g__Awaited|10_0(ControllerActionInvoker invoker, Task lastTask, State next, Scope scope, Object state, Boolean isCompleted)
   at Microsoft.AspNetCore.Mvc.Infrastructure.ControllerActionInvoker.Rethrow(ActionExecutedContextSealed context)
   at Microsoft.AspNetCore.Mvc.Infrastructure.ControllerActionInvoker.Next(State& next, Scope& scope, Object& state, Boolean& isCompleted)
   at Microsoft.AspNetCore.Mvc.Infrastructure.ControllerActionInvoker.InvokeInnerFilterAsync()
--- End of stack trace from previous location ---
   at Microsoft.AspNetCore.Mvc.Infrastructure.ResourceInvoker.<InvokeFilterPipelineAsync>g__Awaited|20_0(ResourceInvoker invoker, Task lastTask, State next, Scope scope, Object state, Boolean isCompleted)
   at Microsoft.AspNetCore.Mvc.Infrastructure.ResourceInvoker.<InvokeAsync>g__Logged|17_1(ResourceInvoker invoker)
   at Microsoft.AspNetCore.Mvc.Infrastructure.ResourceInvoker.<InvokeAsync>g__Logged|17_1(ResourceInvoker invoker)
   at Microsoft.AspNetCore.Routing.EndpointMiddleware.<Invoke>g__AwaitRequestTask|7_0(Endpoint endpoint, Task requestTask, ILogger logger)
   at Microsoft.AspNetCore.Authorization.AuthorizationMiddleware.Invoke(HttpContext context)
   at POC.API.Middleware.RequestLogMiddleware.Invoke(HttpContext context) in D:\Project\ASPProject\POCProject\POC.API\Middleware\RequestLogMiddleware.cs:line 61
   at POC.API.Middleware.ExceptionMiddleware.Invoke(HttpContext context) in D:\Project\ASPProject\POCProject\POC.API\Middleware\ExceptionMiddleware.cs:line 37
2026-04-17 08:10:01.329 +05:30 [ERR] Exception occurred at "2026-04-17T02:40:01.3299462Z"
System.Exception: Error comint on ===> 
   at POC.Infrastructure.Implementation.ProductRepository.AddAsync(Products product) in D:\Project\ASPProject\POCProject\POC.Infrastructure\Implementation\ProductRepository.cs:line 21
   at POC.Application.Services.ProductServices.AddProductAsync(CreateProductDto productDto) in D:\Project\ASPProject\POCProject\POC.Application\Services\ProductServices.cs:line 30
   at POC.API.Controllers.ProductController.CreateProduct(CreateProductDto value) in D:\Project\ASPProject\POCProject\POC.API\Controllers\ProductController.cs:line 24
   at Microsoft.AspNetCore.Mvc.Infrastructure.ActionMethodExecutor.TaskOfIActionResultExecutor.Execute(ActionContext actionContext, IActionResultTypeMapper mapper, ObjectMethodExecutor executor, Object controller, Object[] arguments)
   at Microsoft.AspNetCore.Mvc.Infrastructure.ControllerActionInvoker.<InvokeActionMethodAsync>g__Awaited|12_0(ControllerActionInvoker invoker, ValueTask`1 actionResultValueTask)
   at Microsoft.AspNetCore.Mvc.Infrastructure.ControllerActionInvoker.<InvokeNextActionFilterAsync>g__Awaited|10_0(ControllerActionInvoker invoker, Task lastTask, State next, Scope scope, Object state, Boolean isCompleted)
   at Microsoft.AspNetCore.Mvc.Infrastructure.ControllerActionInvoker.Rethrow(ActionExecutedContextSealed context)
   at Microsoft.AspNetCore.Mvc.Infrastructure.ControllerActionInvoker.Next(State& next, Scope& scope, Object& state, Boolean& isCompleted)
   at Microsoft.AspNetCore.Mvc.Infrastructure.ControllerActionInvoker.InvokeInnerFilterAsync()
--- End of stack trace from previous location ---
   at Microsoft.AspNetCore.Mvc.Infrastructure.ResourceInvoker.<InvokeFilterPipelineAsync>g__Awaited|20_0(ResourceInvoker invoker, Task lastTask, State next, Scope scope, Object state, Boolean isCompleted)
   at Microsoft.AspNetCore.Mvc.Infrastructure.ResourceInvoker.<InvokeAsync>g__Logged|17_1(ResourceInvoker invoker)
   at Microsoft.AspNetCore.Mvc.Infrastructure.ResourceInvoker.<InvokeAsync>g__Logged|17_1(ResourceInvoker invoker)
   at Microsoft.AspNetCore.Routing.EndpointMiddleware.<Invoke>g__AwaitRequestTask|7_0(Endpoint endpoint, Task requestTask, ILogger logger)
   at Microsoft.AspNetCore.Authorization.AuthorizationMiddleware.Invoke(HttpContext context)
   at POC.API.Middleware.RequestLogMiddleware.Invoke(HttpContext context) in D:\Project\ASPProject\POCProject\POC.API\Middleware\RequestLogMiddleware.cs:line 61
   at POC.API.Middleware.ExceptionMiddleware.Invoke(HttpContext context) in D:\Project\ASPProject\POCProject\POC.API\Middleware\ExceptionMiddleware.cs:line 37
2026-04-17 08:10:02.049 +05:30 [ERR] Exception occurred at "2026-04-17T02:40:02.0490775Z"
System.Exception: Error comint on ===> 
   at POC.Infrastructure.Implementation.ProductRepository.AddAsync(Products product) in D:\Project\ASPProject\POCProject\POC.Infrastructure\Implementation\ProductRepository.cs:line 21
   at POC.Application.Services.ProductServices.AddProductAsync(CreateProductDto productDto) in D:\Project\ASPProject\POCProject\POC.Application\Services\ProductServices.cs:line 30
   at POC.API.Controllers.ProductController.CreateProduct(CreateProductDto value) in D:\Project\ASPProject\POCProject\POC.API\Controllers\ProductController.cs:line 24
   at Microsoft.AspNetCore.Mvc.Infrastructure.ActionMethodExecutor.TaskOfIActionResultExecutor.Execute(ActionContext actionContext, IActionResultTypeMapper mapper, ObjectMethodExecutor executor, Object controller, Object[] arguments)
   at Microsoft.AspNetCore.Mvc.Infrastructure.ControllerActionInvoker.<InvokeActionMethodAsync>g__Awaited|12_0(ControllerActionInvoker invoker, ValueTask`1 actionResultValueTask)
   at Microsoft.AspNetCore.Mvc.Infrastructure.ControllerActionInvoker.<InvokeNextActionFilterAsync>g__Awaited|10_0(ControllerActionInvoker invoker, Task lastTask, State next, Scope scope, Object state, Boolean isCompleted)
   at Microsoft.AspNetCore.Mvc.Infrastructure.ControllerActionInvoker.Rethrow(ActionExecutedContextSealed context)
   at Microsoft.AspNetCore.Mvc.Infrastructure.ControllerActionInvoker.Next(State& next, Scope& scope, Object& state, Boolean& isCompleted)
   at Microsoft.AspNetCore.Mvc.Infrastructure.ControllerActionInvoker.InvokeInnerFilterAsync()
--- End of stack trace from previous location ---
   at Microsoft.AspNetCore.Mvc.Infrastructure.ResourceInvoker.<InvokeFilterPipelineAsync>g__Awaited|20_0(ResourceInvoker invoker, Task lastTask, State next, Scope scope, Object state, Boolean isCompleted)
   at Microsoft.AspNetCore.Mvc.Infrastructure.ResourceInvoker.<InvokeAsync>g__Logged|17_1(ResourceInvoker invoker)
   at Microsoft.AspNetCore.Mvc.Infrastructure.ResourceInvoker.<InvokeAsync>g__Logged|17_1(ResourceInvoker invoker)
   at Microsoft.AspNetCore.Routing.EndpointMiddleware.<Invoke>g__AwaitRequestTask|7_0(Endpoint endpoint, Task requestTask, ILogger logger)
   at Microsoft.AspNetCore.Authorization.AuthorizationMiddleware.Invoke(HttpContext context)
   at POC.API.Middleware.RequestLogMiddleware.Invoke(HttpContext context) in D:\Project\ASPProject\POCProject\POC.API\Middleware\RequestLogMiddleware.cs:line 61
   at POC.API.Middleware.ExceptionMiddleware.Invoke(HttpContext context) in D:\Project\ASPProject\POCProject\POC.API\Middleware\ExceptionMiddleware.cs:line 37
2026-04-17 08:10:02.531 +05:30 [ERR] Exception occurred at "2026-04-17T02:40:02.5318577Z"
System.Exception: Error comint on ===> 
   at POC.Infrastructure.Implementation.ProductRepository.AddAsync(Products product) in D:\Project\ASPProject\POCProject\POC.Infrastructure\Implementation\ProductRepository.cs:line 21
   at POC.Application.Services.ProductServices.AddProductAsync(CreateProductDto productDto) in D:\Project\ASPProject\POCProject\POC.Application\Services\ProductServices.cs:line 30
   at POC.API.Controllers.ProductController.CreateProduct(CreateProductDto value) in D:\Project\ASPProject\POCProject\POC.API\Controllers\ProductController.cs:line 24
   at Microsoft.AspNetCore.Mvc.Infrastructure.ActionMethodExecutor.TaskOfIActionResultExecutor.Execute(ActionContext actionContext, IActionResultTypeMapper mapper, ObjectMethodExecutor executor, Object controller, Object[] arguments)
   at Microsoft.AspNetCore.Mvc.Infrastructure.ControllerActionInvoker.<InvokeActionMethodAsync>g__Awaited|12_0(ControllerActionInvoker invoker, ValueTask`1 actionResultValueTask)
   at Microsoft.AspNetCore.Mvc.Infrastructure.ControllerActionInvoker.<InvokeNextActionFilterAsync>g__Awaited|10_0(ControllerActionInvoker invoker, Task lastTask, State next, Scope scope, Object state, Boolean isCompleted)
   at Microsoft.AspNetCore.Mvc.Infrastructure.ControllerActionInvoker.Rethrow(ActionExecutedContextSealed context)
   at Microsoft.AspNetCore.Mvc.Infrastructure.ControllerActionInvoker.Next(State& next, Scope& scope, Object& state, Boolean& isCompleted)
   at Microsoft.AspNetCore.Mvc.Infrastructure.ControllerActionInvoker.InvokeInnerFilterAsync()
--- End of stack trace from previous location ---
   at Microsoft.AspNetCore.Mvc.Infrastructure.ResourceInvoker.<InvokeFilterPipelineAsync>g__Awaited|20_0(ResourceInvoker invoker, Task lastTask, State next, Scope scope, Object state, Boolean isCompleted)
   at Microsoft.AspNetCore.Mvc.Infrastructure.ResourceInvoker.<InvokeAsync>g__Logged|17_1(ResourceInvoker invoker)
   at Microsoft.AspNetCore.Mvc.Infrastructure.ResourceInvoker.<InvokeAsync>g__Logged|17_1(ResourceInvoker invoker)
   at Microsoft.AspNetCore.Routing.EndpointMiddleware.<Invoke>g__AwaitRequestTask|7_0(Endpoint endpoint, Task requestTask, ILogger logger)
   at Microsoft.AspNetCore.Authorization.AuthorizationMiddleware.Invoke(HttpContext context)
   at POC.API.Middleware.RequestLogMiddleware.Invoke(HttpContext context) in D:\Project\ASPProject\POCProject\POC.API\Middleware\RequestLogMiddleware.cs:line 61
   at POC.API.Middleware.ExceptionMiddleware.Invoke(HttpContext context) in D:\Project\ASPProject\POCProject\POC.API\Middleware\ExceptionMiddleware.cs:line 37
